

Microchip MPLAB XC8 Assembler V2.46 build 20240104201356 
                                                                                               Sat Jun 01 14:00:05 2024

Microchip MPLAB XC8 C Compiler v2.46 (Free license) build 20240104201356 Og1 
     1                           	processor	18F4550
     2                           	fnconf	rparam,??,?,0
     3                           	pagewidth 120
     4                           	opt	flic
     5                           	psect	cinit,global,reloc=2,class=CODE,delta=1
     6                           	psect	cstackCOMRAM,global,class=COMRAM,space=1,delta=1,lowdata,noexec
     7                           	psect	text0,global,reloc=2,class=CODE,delta=1
     8                           	psect	text1,global,reloc=2,class=CODE,delta=1
     9                           	psect	smallconst,global,reloc=2,class=SMALLCONST,delta=1,noexec
    10                           	psect	intsave_regs,global,class=BIGRAM,space=1,delta=1,noexec
    11                           	psect	rparam,global,class=COMRAM,space=1,delta=1,noexec
    12                           	psect	config,global,abs,ovrld,class=CONFIG,space=4,delta=1,noexec
    13   000000                     
    14                           ; Generated 17/10/2023 GMT
    15                           ; 
    16                           ; Copyright © 2023, Microchip Technology Inc. and its subsidiaries ("Microchip")
    17                           ; All rights reserved.
    18                           ; 
    19                           ; This software is developed by Microchip Technology Inc. and its subsidiaries ("Microch
      +                          ip").
    20                           ; 
    21                           ; Redistribution and use in source and binary forms, with or without modification, are
    22                           ; permitted provided that the following conditions are met:
    23                           ; 
    24                           ;     1. Redistributions of source code must retain the above copyright notice, this lis
      +                          t of
    25                           ;        conditions and the following disclaimer.
    26                           ; 
    27                           ;     2. Redistributions in binary form must reproduce the above copyright notice, this 
      +                          list
    28                           ;        of conditions and the following disclaimer in the documentation and/or other
    29                           ;        materials provided with the distribution. Publication is not required when
    30                           ;        this file is used in an embedded application.
    31                           ; 
    32                           ;     3. Microchip's name may not be used to endorse or promote products derived from th
      +                          is
    33                           ;        software without specific prior written permission.
    34                           ; 
    35                           ; THIS SOFTWARE IS PROVIDED BY MICROCHIP "AS IS" AND ANY EXPRESS OR IMPLIED WARRANTIES,
    36                           ; INCLUDING, BUT NOT LIMITED TO, THE IMPLIED WARRANTIES OF MERCHANTABILITY AND FITNESS F
      +                          OR
    37                           ; PURPOSE ARE DISCLAIMED.  IN NO EVENT SHALL MICROCHIP BE LIABLE FOR ANY DIRECT, INDIREC
      +                          T,
    38                           ; INCIDENTAL, SPECIAL, EXEMPLARY, OR CONSEQUENTIAL DAMAGES (INCLUDING BUT NOT LIMITED TO
    39                           ; PROCUREMENT OF SUBSTITUTE GOODS OR SERVICES; LOSS OF USE, DATA OR PROFITS; OR BUSINESS
    40                           ; INTERRUPTION) HOWSOEVER CAUSED AND ON ANY THEORY OF LIABILITY, WHETHER IN CONTRACT, ST
      +                          RICT
    41                           ; LIABILITY, OR TORT (INCLUDING NEGLIGENCE OR OTHERWISE) ARISING IN ANY WAY OUT OF THE U
      +                          SE OF
    42                           ; THIS SOFTWARE, EVEN IF ADVISED OF THE POSSIBILITY OF SUCH DAMAGE.
    43                           ; 
    44                           ; 
    45                           ; Code-generator required, PIC18F4550 Definitions
    46                           ; 
    47                           ; SFR Addresses
    48   000000                     _PORTBbits	set	3969
    49   000000                     _LATBbits	set	3978
    50   000000                     _TRISBbits	set	3987
    51                           
    52                           ; #config settings
    53                           
    54                           	psect	cinit
    55   00084C                     __pcinit:
    56                           	callstack 0
    57   00084C                     start_initialization:
    58                           	callstack 0
    59   00084C                     __initialization:
    60                           	callstack 0
    61   00084C                     end_of_initialization:
    62                           	callstack 0
    63   00084C                     __end_of__initialization:
    64                           	callstack 0
    65   00084C  0100               	movlb	0
    66   00084E  EF01  F004         	goto	_main	;jump to C main() function
    67                           
    68                           	psect	cstackCOMRAM
    69   000001                     __pcstackCOMRAM:
    70                           	callstack 0
    71   000001                     ??_main:
    72                           
    73                           ; 1 bytes @ 0x0
    74   000001                     	ds	2
    75                           
    76 ;;
    77 ;;Main: autosize = 0, tempsize = 2, incstack = 0, save=0
    78 ;;
    79 ;; *************** function _main *****************
    80 ;; Defined at:
    81 ;;		line 31 in file "infrared_Motor_Control.c"
    82 ;; Parameters:    Size  Location     Type
    83 ;;		None
    84 ;; Auto vars:     Size  Location     Type
    85 ;;		None
    86 ;; Return value:  Size  Location     Type
    87 ;;                  1    wreg      void 
    88 ;; Registers used:
    89 ;;		wreg, cstack
    90 ;; Tracked objects:
    91 ;;		On entry : 0/0
    92 ;;		On exit  : 0/0
    93 ;;		Unchanged: 0/0
    94 ;; Data sizes:     COMRAM   BANK0   BANK1   BANK2   BANK3   BANK4   BANK5   BANK6   BANK7
    95 ;;      Params:         0       0       0       0       0       0       0       0       0
    96 ;;      Locals:         0       0       0       0       0       0       0       0       0
    97 ;;      Temps:          2       0       0       0       0       0       0       0       0
    98 ;;      Totals:         2       0       0       0       0       0       0       0       0
    99 ;;Total ram usage:        2 bytes
   100 ;; Hardware stack levels required when called: 1
   101 ;; This function calls:
   102 ;;		_init_ports
   103 ;; This function is called by:
   104 ;;		Startup code after reset
   105 ;; This function uses a non-reentrant model
   106 ;;
   107                           
   108                           	psect	text0
   109   000802                     __ptext0:
   110                           	callstack 0
   111   000802                     _main:
   112                           	callstack 30
   113   000802                     
   114                           ;infrared_Motor_Control.c: 33:     init_ports();
   115   000802  EC20  F004         	call	_init_ports	;wreg free
   116   000806                     l701:
   117                           
   118                           ;infrared_Motor_Control.c: 37:         if (PORTBbits.RB0 == 1) {
   119   000806  A081               	btfss	129,0,c	;volatile
   120   000808  EF08  F004         	goto	u11
   121   00080C  EF0A  F004         	goto	u10
   122   000810                     u11:
   123   000810  EF0E  F004         	goto	l17
   124   000814                     u10:
   125   000814                     
   126                           ;infrared_Motor_Control.c: 40:             LATBbits.LATB1 = 1;
   127   000814  828A               	bsf	138,1,c	;volatile
   128                           
   129                           ;infrared_Motor_Control.c: 41:             LATBbits.LATB2 = 0;
   130   000816  948A               	bcf	138,2,c	;volatile
   131                           
   132                           ;infrared_Motor_Control.c: 42:         } else {
   133   000818  EF10  F004         	goto	l705
   134   00081C                     l17:
   135                           
   136                           ;infrared_Motor_Control.c: 45:             LATBbits.LATB1 = 0;
   137   00081C  928A               	bcf	138,1,c	;volatile
   138                           
   139                           ;infrared_Motor_Control.c: 46:             LATBbits.LATB2 = 1;
   140   00081E  848A               	bsf	138,2,c	;volatile
   141   000820                     l705:
   142                           
   143                           ;infrared_Motor_Control.c: 50:         _delay((unsigned long)((100)*(8000000/4000.0)));
   144   000820  0E02               	movlw	2
   145   000822  6E02               	movwf	(??_main+1)^0,c
   146   000824  0E04               	movlw	4
   147   000826  6E01               	movwf	??_main^0,c
   148   000828  0EBA               	movlw	186
   149   00082A                     u27:
   150   00082A  2EE8               	decfsz	wreg,f,c
   151   00082C  D7FE               	bra	u27
   152   00082E  2E01               	decfsz	??_main^0,f,c
   153   000830  D7FC               	bra	u27
   154   000832  2E02               	decfsz	(??_main+1)^0,f,c
   155   000834  D7FA               	bra	u27
   156   000836  D000               	nop2	
   157   000838  EF03  F004         	goto	l701
   158   00083C  EF00  F000         	goto	start
   159   000840                     __end_of_main:
   160                           	callstack 0
   161                           
   162 ;; *************** function _init_ports *****************
   163 ;; Defined at:
   164 ;;		line 20 in file "infrared_Motor_Control.c"
   165 ;; Parameters:    Size  Location     Type
   166 ;;		None
   167 ;; Auto vars:     Size  Location     Type
   168 ;;		None
   169 ;; Return value:  Size  Location     Type
   170 ;;                  1    wreg      void 
   171 ;; Registers used:
   172 ;;		None
   173 ;; Tracked objects:
   174 ;;		On entry : 0/0
   175 ;;		On exit  : 0/0
   176 ;;		Unchanged: 0/0
   177 ;; Data sizes:     COMRAM   BANK0   BANK1   BANK2   BANK3   BANK4   BANK5   BANK6   BANK7
   178 ;;      Params:         0       0       0       0       0       0       0       0       0
   179 ;;      Locals:         0       0       0       0       0       0       0       0       0
   180 ;;      Temps:          0       0       0       0       0       0       0       0       0
   181 ;;      Totals:         0       0       0       0       0       0       0       0       0
   182 ;;Total ram usage:        0 bytes
   183 ;; Hardware stack levels used: 1
   184 ;; This function calls:
   185 ;;		Nothing
   186 ;; This function is called by:
   187 ;;		_main
   188 ;; This function uses a non-reentrant model
   189 ;;
   190                           
   191                           	psect	text1
   192   000840                     __ptext1:
   193                           	callstack 0
   194   000840                     _init_ports:
   195                           	callstack 30
   196   000840                     
   197                           ;infrared_Motor_Control.c: 21:     TRISBbits.TRISB0 = 1;
   198   000840  8093               	bsf	147,0,c	;volatile
   199                           
   200                           ;infrared_Motor_Control.c: 22:     TRISBbits.TRISB1 = 0;
   201   000842  9293               	bcf	147,1,c	;volatile
   202                           
   203                           ;infrared_Motor_Control.c: 23:     TRISBbits.TRISB2 = 0;
   204   000844  9493               	bcf	147,2,c	;volatile
   205                           
   206                           ;infrared_Motor_Control.c: 26:     LATBbits.LATB1 = 0;
   207   000846  928A               	bcf	138,1,c	;volatile
   208                           
   209                           ;infrared_Motor_Control.c: 27:     LATBbits.LATB2 = 0;
   210   000848  948A               	bcf	138,2,c	;volatile
   211   00084A  0012               	return		;funcret
   212   00084C                     __end_of_init_ports:
   213                           	callstack 0
   214                           
   215                           	psect	smallconst
   216   000800                     __psmallconst:
   217                           	callstack 0
   218   000800  00                 	db	0
   219   000801  00                 	db	0	; dummy byte at the end
   220   000000                     
   221                           	psect	rparam
   222   000000                     
   223                           	psect	config
   224                           
   225                           ;Config register CONFIG1L @ 0x300000
   226                           ;	unspecified, using default values
   227                           ;	PLL Prescaler Selection bits
   228                           ;	PLLDIV = 0x0, unprogrammed default
   229                           ;	System Clock Postscaler Selection bits
   230                           ;	CPUDIV = 0x0, unprogrammed default
   231                           ;	USB Clock Selection bit (used in Full-Speed USB mode only; UCFG:FSEN = 1)
   232                           ;	USBDIV = 0x0, unprogrammed default
   233   300000                     	org	3145728
   234   300000  00                 	db	0
   235                           
   236                           ;Config register CONFIG1H @ 0x300001
   237                           ;	Oscillator Selection bits
   238                           ;	FOSC = HS, HS oscillator (HS)
   239                           ;	Fail-Safe Clock Monitor Enable bit
   240                           ;	FCMEN = 0x0, unprogrammed default
   241                           ;	Internal/External Oscillator Switchover bit
   242                           ;	IESO = 0x0, unprogrammed default
   243   300001                     	org	3145729
   244   300001  0C                 	db	12
   245                           
   246                           ;Config register CONFIG2L @ 0x300002
   247                           ;	Power-up Timer Enable bit
   248                           ;	PWRT = OFF, PWRT disabled
   249                           ;	Brown-out Reset Enable bits
   250                           ;	BOR = 0x3, unprogrammed default
   251                           ;	Brown-out Reset Voltage bits
   252                           ;	BORV = 0x3, unprogrammed default
   253                           ;	USB Voltage Regulator Enable bit
   254                           ;	VREGEN = 0x0, unprogrammed default
   255   300002                     	org	3145730
   256   300002  1F                 	db	31
   257                           
   258                           ;Config register CONFIG2H @ 0x300003
   259                           ;	Watchdog Timer Enable bit
   260                           ;	WDT = OFF, WDT disabled (control is placed on the SWDTEN bit)
   261                           ;	Watchdog Timer Postscale Select bits
   262                           ;	WDTPS = 0xF, unprogrammed default
   263   300003                     	org	3145731
   264   300003  1E                 	db	30
   265                           
   266                           ; Padding undefined space
   267   300004                     	org	3145732
   268   300004  FF                 	db	255
   269                           
   270                           ;Config register CONFIG3H @ 0x300005
   271                           ;	CCP2 MUX bit
   272                           ;	CCP2MX = 0x1, unprogrammed default
   273                           ;	PORTB A/D Enable bit
   274                           ;	PBADEN = OFF, PORTB<4:0> pins are configured as digital I/O on Reset
   275                           ;	Low-Power Timer 1 Oscillator Enable bit
   276                           ;	LPT1OSC = 0x0, unprogrammed default
   277                           ;	MCLR Pin Enable bit
   278                           ;	MCLRE = ON, MCLR pin enabled; RE3 input pin disabled
   279   300005                     	org	3145733
   280   300005  81                 	db	129
   281                           tosu	equ	0xFFF
   282                           tosh	equ	0xFFE
   283                           tosl	equ	0xFFD
   284                           stkptr	equ	0xFFC
   285                           pclatu	equ	0xFFB
   286                           pclath	equ	0xFFA
   287                           pcl	equ	0xFF9
   288                           tblptru	equ	0xFF8
   289                           tblptrh	equ	0xFF7
   290                           tblptrl	equ	0xFF6
   291                           tablat	equ	0xFF5
   292                           prodh	equ	0xFF4
   293                           prodl	equ	0xFF3
   294                           indf0	equ	0xFEF
   295                           postinc0	equ	0xFEE
   296                           postdec0	equ	0xFED
   297                           preinc0	equ	0xFEC
   298                           plusw0	equ	0xFEB
   299                           fsr0h	equ	0xFEA
   300                           fsr0l	equ	0xFE9
   301                           wreg	equ	0xFE8
   302                           indf1	equ	0xFE7
   303                           postinc1	equ	0xFE6
   304                           postdec1	equ	0xFE5
   305                           preinc1	equ	0xFE4
   306                           plusw1	equ	0xFE3
   307                           fsr1h	equ	0xFE2
   308                           fsr1l	equ	0xFE1
   309                           bsr	equ	0xFE0
   310                           indf2	equ	0xFDF
   311                           postinc2	equ	0xFDE
   312                           postdec2	equ	0xFDD
   313                           preinc2	equ	0xFDC
   314                           plusw2	equ	0xFDB
   315                           fsr2h	equ	0xFDA
   316                           fsr2l	equ	0xFD9
   317                           status	equ	0xFD8

Data Sizes:
    Strings     0
    Constant    0
    Data        0
    BSS         0
    Persistent  0
    Stack       0

Auto Spaces:
    Space          Size  Autos    Used
    COMRAM           95      2       2
    BANK0           160      0       0
    BANK1           256      0       0
    BANK2           256      0       0
    BANK3           256      0       0
    BANK4           256      0       0
    BANK5           256      0       0
    BANK6           256      0       0
    BANK7           256      0       0

Pointer List with Targets:

    None.

Critical Paths under _main in COMRAM

    None.

Critical Paths under _main in BANK0

    None.

Critical Paths under _main in BANK1

    None.

Critical Paths under _main in BANK2

    None.

Critical Paths under _main in BANK3

    None.

Critical Paths under _main in BANK4

    None.

Critical Paths under _main in BANK5

    None.

Critical Paths under _main in BANK6

    None.

Critical Paths under _main in BANK7

    None.

Call Graph Tables:

 ---------------------------------------------------------------------------------
 (Depth) Function   	        Calls       Base Space   Used Autos Params    Refs
 ---------------------------------------------------------------------------------
 (0) _main                                                 2     2      0       0
                                              0 COMRAM     2     2      0
                         _init_ports
 ---------------------------------------------------------------------------------
 (1) _init_ports                                           0     0      0       0
 ---------------------------------------------------------------------------------
 Estimated maximum stack depth 1
 ---------------------------------------------------------------------------------

 Call Graph Graphs:

 _main (ROOT)
   _init_ports

 Address spaces:
Name               Size   Autos  Total    Cost      Usage
BITCOMRAM           5F      0       0       0        0.0%
EEDATA             100      0       0       0        0.0%
NULL                 0      0       0       0        0.0%
CODE                 0      0       0       0        0.0%
COMRAM              5F      2       2       1        2.1%
STACK                0      0       0       2        0.0%
DATA                 0      0       0       3        0.0%
BITBANK0            A0      0       0       4        0.0%
BANK0               A0      0       0       5        0.0%
BITBANK1           100      0       0       6        0.0%
BANK1              100      0       0       7        0.0%
BITBANK2           100      0       0       8        0.0%
BANK2              100      0       0       9        0.0%
BITBANK3           100      0       0      10        0.0%
BANK3              100      0       0      11        0.0%
BITBANK4           100      0       0      12        0.0%
BANK4              100      0       0      13        0.0%
BITBANK5           100      0       0      14        0.0%
BANK5              100      0       0      15        0.0%
BITBANK6           100      0       0      16        0.0%
BANK6              100      0       0      17        0.0%
BITBANK7           100      0       0      18        0.0%
BANK7              100      0       0      19        0.0%
BITBIGSFRh          6C      0       0      20        0.0%
BITBIGSFRlh          8      0       0      21        0.0%
BITBIGSFRllh         8      0       0      22        0.0%
BITBIGSFRlll        21      0       0      23        0.0%
ABS                  0      0       0      24        0.0%
BIGRAM             7FF      0       0      25        0.0%
BIGSFR               0      0       0     200        0.0%
BITSFR               0      0       0     200        0.0%
SFR                  0      0       0     200        0.0%


Microchip Technology PIC18 Macro Assembler V2.46 build 20240104201356 
Symbol Table                                                                                   Sat Jun 01 14:00:05 2024

                     l11 084A                       l17 081C                       u10 0814  
                     u11 0810                       u27 082A                      l701 0806  
                    l703 0814                      l705 0820                      l697 0840  
                    l699 0802                      wreg 0FE8                     _main 0802  
                   start 0000             ___param_bank 0000                    ?_main 0001  
        __initialization 084C             __end_of_main 0840                   ??_main 0001  
          __activetblptr 0000                   isa$std 0001             __mediumconst 0000  
             __accesstop 0060  __end_of__initialization 084C            ___rparam_used 0001  
         __pcstackCOMRAM 0001                  __Hparam 0000                  __Lparam 0000  
           __psmallconst 0800                  __pcinit 084C               _init_ports 0840  
                __ramtop 0800                  __ptext0 0802                  __ptext1 0840  
   end_of_initialization 084C                _PORTBbits 0F81                _TRISBbits 0F93  
            ?_init_ports 0001      start_initialization 084C              __smallconst 0800  
               _LATBbits 0F8A                 __Hrparam 0000                 __Lrparam 0000  
           ??_init_ports 0001       __end_of_init_ports 084C                 isa$xinst 0000  
